<?xml version="1.0" encoding="UTF-8"?>
<testng-results ignored="0" total="5" passed="5" failed="0" skipped="0">
  <reporter-output>
  </reporter-output>
  <suite started-at="2024-05-23T11:59:26 IST" name="Default suite" finished-at="2024-05-23T11:59:28 IST" duration-ms="1214">
    <groups>
    </groups>
    <test started-at="2024-05-23T11:59:26 IST" name="Default test" finished-at="2024-05-23T11:59:28 IST" duration-ms="1214">
      <class name="WorkingWithTestNG.Example_MultipleTestAnnotation">
        <test-method signature="addProductToCart()[pri:0, instance:WorkingWithTestNG.Example_MultipleTestAnnotation@481a996b]" started-at="2024-05-23T11:59:27 IST" name="addProductToCart" finished-at="2024-05-23T11:59:27 IST" duration-ms="171" status="PASS">
          <reporter-output>
          </reporter-output>
        </test-method> <!-- addProductToCart -->
        <test-method signature="login()[pri:0, instance:WorkingWithTestNG.Example_MultipleTestAnnotation@481a996b]" started-at="2024-05-23T11:59:27 IST" name="login" finished-at="2024-05-23T11:59:27 IST" duration-ms="16" status="PASS">
          <reporter-output>
          </reporter-output>
        </test-method> <!-- login -->
        <test-method signature="logout()[pri:0, instance:WorkingWithTestNG.Example_MultipleTestAnnotation@481a996b]" started-at="2024-05-23T11:59:27 IST" name="logout" finished-at="2024-05-23T11:59:27 IST" duration-ms="14" status="PASS">
          <reporter-output>
          </reporter-output>
        </test-method> <!-- logout -->
        <test-method signature="placeOrder()[pri:0, instance:WorkingWithTestNG.Example_MultipleTestAnnotation@481a996b]" started-at="2024-05-23T11:59:27 IST" name="placeOrder" finished-at="2024-05-23T11:59:27 IST" duration-ms="166" status="PASS">
          <reporter-output>
          </reporter-output>
        </test-method> <!-- placeOrder -->
        <test-method signature="register()[pri:0, instance:WorkingWithTestNG.Example_MultipleTestAnnotation@481a996b]" started-at="2024-05-23T11:59:27 IST" name="register" finished-at="2024-05-23T11:59:27 IST" duration-ms="16" status="PASS">
          <reporter-output>
          </reporter-output>
        </test-method> <!-- register -->
      </class> <!-- WorkingWithTestNG.Example_MultipleTestAnnotation -->
    </test> <!-- Default test -->
  </suite> <!-- Default suite -->
</testng-results>
