<?xml version="1.0" encoding="UTF-8"?>
<!-- Generated by org.testng.reporters.JUnitXMLReporter -->
<testsuite ignored="0" hostname="DESKTOP-PGT3DU5" failures="0" tests="5" name="Default test" time="1.214" errors="0" timestamp="2024-05-23T11:59:28 IST">
  <testcase classname="WorkingWithTestNG.Example_MultipleTestAnnotation" name="addProductToCart" time="0.171"/>
  <testcase classname="WorkingWithTestNG.Example_MultipleTestAnnotation" name="login" time="0.016"/>
  <testcase classname="WorkingWithTestNG.Example_MultipleTestAnnotation" name="logout" time="0.014"/>
  <testcase classname="WorkingWithTestNG.Example_MultipleTestAnnotation" name="placeOrder" time="0.166"/>
  <testcase classname="WorkingWithTestNG.Example_MultipleTestAnnotation" name="register" time="0.016"/>
</testsuite> <!-- Default test -->
